[debug] [2023-02-11T06:52:06.551Z] ----------------------------------------------------------------------
[debug] [2023-02-11T06:52:06.553Z] Command:       C:\Program Files\nodejs\node.exe C:\Users\Tn22\AppData\Roaming\npm\node_modules\firebase-tools\lib\bin\firebase.js deploy
[debug] [2023-02-11T06:52:06.553Z] CLI Version:   11.22.0
[debug] [2023-02-11T06:52:06.554Z] Platform:      win32
[debug] [2023-02-11T06:52:06.554Z] Node Version:  v18.13.0
[debug] [2023-02-11T06:52:06.555Z] Time:          Sat Feb 11 2023 12:22:06 GMT+0530 (India Standard Time)
[debug] [2023-02-11T06:52:06.555Z] ----------------------------------------------------------------------
[debug] 
[debug] [2023-02-11T06:52:06.623Z] > refreshing access token with scopes: []
[debug] [2023-02-11T06:52:06.625Z] >>> [apiv2][query] POST https://www.googleapis.com/oauth2/v3/token [none]
[debug] [2023-02-11T06:52:06.626Z] >>> [apiv2][body] POST https://www.googleapis.com/oauth2/v3/token [omitted]
[debug] [2023-02-11T06:52:07.025Z] <<< [apiv2][status] POST https://www.googleapis.com/oauth2/v3/token 200
[debug] [2023-02-11T06:52:07.025Z] <<< [apiv2][body] POST https://www.googleapis.com/oauth2/v3/token [omitted]
[debug] [2023-02-11T06:52:07.037Z] >>> [apiv2][query] GET https://firebase.googleapis.com/v1beta1/projects/undefined [none]
[debug] [2023-02-11T06:52:07.501Z] <<< [apiv2][status] GET https://firebase.googleapis.com/v1beta1/projects/undefined 403
[debug] [2023-02-11T06:52:07.502Z] <<< [apiv2][body] GET https://firebase.googleapis.com/v1beta1/projects/undefined {"error":{"code":403,"message":"The caller does not have permission","status":"PERMISSION_DENIED"}}
[debug] [2023-02-11T06:52:07.502Z] HTTP Error: 403, The caller does not have permission
[debug] [2023-02-11T06:52:07.624Z] FirebaseError: HTTP Error: 403, The caller does not have permission
    at responseToError (C:\Users\Tn22\AppData\Roaming\npm\node_modules\firebase-tools\lib\responseToError.js:49:12)
    at RetryOperation._fn (C:\Users\Tn22\AppData\Roaming\npm\node_modules\firebase-tools\lib\apiv2.js:288:77)
    at process.processTicksAndRejections (node:internal/process/task_queues:95:5)
[error] 
[error] Error: Failed to get Firebase project undefined. Please make sure the project exists and your account has permission to access it.
